<?xml version="1.0" encoding="UTF-8"?>
<testsuite xmlns:xsi="http://www.w3.org/2001/XMLSchema-instance" xsi:noNamespaceSchemaLocation="https://maven.apache.org/surefire/maven-surefire-plugin/xsd/surefire-test-report.xsd" name="test.HelloWorldTest" time="0.106" tests="1" errors="0" skipped="0" failures="0">
  <properties>
    <property name="sun.desktop" value="gnome"/>
    <property name="awt.toolkit" value="sun.awt.X11.XToolkit"/>
    <property name="file.encoding.pkg" value="sun.io"/>
    <property name="java.specification.version" value="1.8"/>
    <property name="sun.cpu.isalist" value=""/>
    <property name="sun.jnu.encoding" value="UTF-8"/>
    <property name="java.class.path" value="/home/mateus/work/TPJenkinsNote/target/test-classes:/home/mateus/work/TPJenkinsNote/target/classes:/home/mateus/.m2/repository/javax/javaee-api/7.0/javaee-api-7.0.jar:/home/mateus/.m2/repository/com/sun/mail/javax.mail/1.5.0/javax.mail-1.5.0.jar:/home/mateus/.m2/repository/javax/activation/activation/1.1/activation-1.1.jar:/home/mateus/.m2/repository/org/webjars/bootstrap/3.3.7/bootstrap-3.3.7.jar:/home/mateus/.m2/repository/org/webjars/jquery/1.11.1/jquery-1.11.1.jar:/home/mateus/.m2/repository/junit/junit/4.12/junit-4.12.jar:/home/mateus/.m2/repository/org/hamcrest/hamcrest-core/1.3/hamcrest-core-1.3.jar:/home/mateus/.m2/repository/org/jboss/arquillian/junit/arquillian-junit-container/1.4.0.Final/arquillian-junit-container-1.4.0.Final.jar:/home/mateus/.m2/repository/org/jboss/arquillian/junit/arquillian-junit-core/1.4.0.Final/arquillian-junit-core-1.4.0.Final.jar:/home/mateus/.m2/repository/org/jboss/arquillian/test/arquillian-test-api/1.4.0.Final/arquillian-test-api-1.4.0.Final.jar:/home/mateus/.m2/repository/org/jboss/arquillian/core/arquillian-core-api/1.4.0.Final/arquillian-core-api-1.4.0.Final.jar:/home/mateus/.m2/repository/org/jboss/arquillian/test/arquillian-test-spi/1.4.0.Final/arquillian-test-spi-1.4.0.Final.jar:/home/mateus/.m2/repository/org/jboss/arquillian/core/arquillian-core-spi/1.4.0.Final/arquillian-core-spi-1.4.0.Final.jar:/home/mateus/.m2/repository/org/jboss/arquillian/container/arquillian-container-test-api/1.4.0.Final/arquillian-container-test-api-1.4.0.Final.jar:/home/mateus/.m2/repository/org/jboss/shrinkwrap/shrinkwrap-api/1.2.6/shrinkwrap-api-1.2.6.jar:/home/mateus/.m2/repository/org/jboss/shrinkwrap/descriptors/shrinkwrap-descriptors-api-base/2.0.0/shrinkwrap-descriptors-api-base-2.0.0.jar:/home/mateus/.m2/repository/org/jboss/arquillian/container/arquillian-container-test-spi/1.4.0.Final/arquillian-container-test-spi-1.4.0.Final.jar:/home/mateus/.m2/repository/org/jboss/arquillian/core/arquillian-core-impl-base/1.4.0.Final/arquillian-core-impl-base-1.4.0.Final.jar:/home/mateus/.m2/repository/org/jboss/arquillian/test/arquillian-test-impl-base/1.4.0.Final/arquillian-test-impl-base-1.4.0.Final.jar:/home/mateus/.m2/repository/org/jboss/arquillian/container/arquillian-container-impl-base/1.4.0.Final/arquillian-container-impl-base-1.4.0.Final.jar:/home/mateus/.m2/repository/org/jboss/arquillian/config/arquillian-config-api/1.4.0.Final/arquillian-config-api-1.4.0.Final.jar:/home/mateus/.m2/repository/org/jboss/arquillian/config/arquillian-config-impl-base/1.4.0.Final/arquillian-config-impl-base-1.4.0.Final.jar:/home/mateus/.m2/repository/org/jboss/arquillian/config/arquillian-config-spi/1.4.0.Final/arquillian-config-spi-1.4.0.Final.jar:/home/mateus/.m2/repository/org/jboss/arquillian/container/arquillian-container-test-impl-base/1.4.0.Final/arquillian-container-test-impl-base-1.4.0.Final.jar:/home/mateus/.m2/repository/org/jboss/shrinkwrap/shrinkwrap-impl-base/1.2.6/shrinkwrap-impl-base-1.2.6.jar:/home/mateus/.m2/repository/org/jboss/shrinkwrap/shrinkwrap-spi/1.2.6/shrinkwrap-spi-1.2.6.jar:/home/mateus/.m2/repository/org/jboss/arquillian/protocol/arquillian-protocol-servlet/1.4.0.Final/arquillian-protocol-servlet-1.4.0.Final.jar:/home/mateus/.m2/repository/org/jboss/arquillian/container/arquillian-container-spi/1.4.0.Final/arquillian-container-spi-1.4.0.Final.jar:/home/mateus/.m2/repository/org/jboss/shrinkwrap/descriptors/shrinkwrap-descriptors-spi/2.0.0/shrinkwrap-descriptors-spi-2.0.0.jar:/home/mateus/.m2/repository/org/jboss/arquillian/extension/arquillian-drone-api/2.5.1/arquillian-drone-api-2.5.1.jar:/home/mateus/.m2/repository/org/jboss/arquillian/extension/arquillian-drone-spi/2.5.1/arquillian-drone-spi-2.5.1.jar:/home/mateus/.m2/repository/org/jboss/arquillian/extension/arquillian-drone-configuration/2.5.1/arquillian-drone-configuration-2.5.1.jar:/home/mateus/.m2/repository/org/jboss/arquillian/extension/arquillian-drone-impl/2.5.1/arquillian-drone-impl-2.5.1.jar:/home/mateus/.m2/repository/org/jboss/arquillian/extension/arquillian-drone-webdriver/2.5.1/arquillian-drone-webdriver-2.5.1.jar:/home/mateus/.m2/repository/org/arquillian/spacelift/arquillian-spacelift/1.0.2/arquillian-spacelift-1.0.2.jar:/home/mateus/.m2/repository/org/arquillian/spacelift/arquillian-spacelift-api/1.0.2/arquillian-spacelift-api-1.0.2.jar:/home/mateus/.m2/repository/org/apache/commons/commons-compress/1.8.1/commons-compress-1.8.1.jar:/home/mateus/.m2/repository/commons-io/commons-io/2.5/commons-io-2.5.jar:/home/mateus/.m2/repository/org/jsoup/jsoup/1.8.3/jsoup-1.8.3.jar:/home/mateus/.m2/repository/org/awaitility/awaitility/3.0.0/awaitility-3.0.0.jar:/home/mateus/.m2/repository/org/hamcrest/hamcrest-library/1.3/hamcrest-library-1.3.jar:/home/mateus/.m2/repository/org/seleniumhq/selenium/selenium-api/3.11.0/selenium-api-3.11.0.jar:/home/mateus/.m2/repository/org/seleniumhq/selenium/selenium-java/3.11.0/selenium-java-3.11.0.jar:/home/mateus/.m2/repository/com/google/guava/guava/23.6-jre/guava-23.6-jre.jar:/home/mateus/.m2/repository/com/google/code/findbugs/jsr305/1.3.9/jsr305-1.3.9.jar:/home/mateus/.m2/repository/org/checkerframework/checker-compat-qual/2.0.0/checker-compat-qual-2.0.0.jar:/home/mateus/.m2/repository/com/google/errorprone/error_prone_annotations/2.1.3/error_prone_annotations-2.1.3.jar:/home/mateus/.m2/repository/com/google/j2objc/j2objc-annotations/1.1/j2objc-annotations-1.1.jar:/home/mateus/.m2/repository/org/codehaus/mojo/animal-sniffer-annotations/1.14/animal-sniffer-annotations-1.14.jar:/home/mateus/.m2/repository/org/seleniumhq/selenium/selenium-support/3.11.0/selenium-support-3.11.0.jar:/home/mateus/.m2/repository/org/seleniumhq/selenium/selenium-chrome-driver/3.11.0/selenium-chrome-driver-3.11.0.jar:/home/mateus/.m2/repository/org/seleniumhq/selenium/selenium-ie-driver/3.11.0/selenium-ie-driver-3.11.0.jar:/home/mateus/.m2/repository/org/seleniumhq/selenium/selenium-remote-driver/3.11.0/selenium-remote-driver-3.11.0.jar:/home/mateus/.m2/repository/org/seleniumhq/selenium/htmlunit-driver/2.28/htmlunit-driver-2.28.jar:/home/mateus/.m2/repository/net/sourceforge/htmlunit/htmlunit/2.28/htmlunit-2.28.jar:/home/mateus/.m2/repository/xalan/xalan/2.7.2/xalan-2.7.2.jar:/home/mateus/.m2/repository/xalan/serializer/2.7.2/serializer-2.7.2.jar:/home/mateus/.m2/repository/org/apache/commons/commons-lang3/3.7/commons-lang3-3.7.jar:/home/mateus/.m2/repository/org/apache/commons/commons-text/1.1/commons-text-1.1.jar:/home/mateus/.m2/repository/org/apache/httpcomponents/httpmime/4.5.3/httpmime-4.5.3.jar:/home/mateus/.m2/repository/net/sourceforge/htmlunit/htmlunit-core-js/2.28/htmlunit-core-js-2.28.jar:/home/mateus/.m2/repository/net/sourceforge/htmlunit/neko-htmlunit/2.28/neko-htmlunit-2.28.jar:/home/mateus/.m2/repository/xerces/xercesImpl/2.11.0/xercesImpl-2.11.0.jar:/home/mateus/.m2/repository/net/sourceforge/cssparser/cssparser/0.9.24/cssparser-0.9.24.jar:/home/mateus/.m2/repository/org/w3c/css/sac/1.3/sac-1.3.jar:/home/mateus/.m2/repository/commons-net/commons-net/3.6/commons-net-3.6.jar:/home/mateus/.m2/repository/org/eclipse/jetty/websocket/websocket-client/9.4.7.v20170914/websocket-client-9.4.7.v20170914.jar:/home/mateus/.m2/repository/org/eclipse/jetty/jetty-client/9.4.7.v20170914/jetty-client-9.4.7.v20170914.jar:/home/mateus/.m2/repository/org/eclipse/jetty/jetty-http/9.4.7.v20170914/jetty-http-9.4.7.v20170914.jar:/home/mateus/.m2/repository/org/eclipse/jetty/jetty-xml/9.4.7.v20170914/jetty-xml-9.4.7.v20170914.jar:/home/mateus/.m2/repository/org/eclipse/jetty/jetty-util/9.4.7.v20170914/jetty-util-9.4.7.v20170914.jar:/home/mateus/.m2/repository/org/eclipse/jetty/jetty-io/9.4.7.v20170914/jetty-io-9.4.7.v20170914.jar:/home/mateus/.m2/repository/org/eclipse/jetty/websocket/websocket-common/9.4.7.v20170914/websocket-common-9.4.7.v20170914.jar:/home/mateus/.m2/repository/org/eclipse/jetty/websocket/websocket-api/9.4.7.v20170914/websocket-api-9.4.7.v20170914.jar:/home/mateus/.m2/repository/org/seleniumhq/selenium/selenium-opera-driver/3.11.0/selenium-opera-driver-3.11.0.jar:/home/mateus/.m2/repository/org/seleniumhq/selenium/selenium-safari-driver/3.11.0/selenium-safari-driver-3.11.0.jar:/home/mateus/.m2/repository/org/seleniumhq/selenium/selenium-edge-driver/3.11.0/selenium-edge-driver-3.11.0.jar:/home/mateus/.m2/repository/com/codeborne/phantomjsdriver/1.4.1/phantomjsdriver-1.4.1.jar:/home/mateus/.m2/repository/org/jboss/arquillian/graphene/graphene-webdriver-api/2.3.2/graphene-webdriver-api-2.3.2.jar:/home/mateus/.m2/repository/org/jboss/arquillian/graphene/graphene-webdriver-spi/2.3.2/graphene-webdriver-spi-2.3.2.jar:/home/mateus/.m2/repository/org/jboss/arquillian/graphene/graphene-webdriver-impl/2.3.2/graphene-webdriver-impl-2.3.2.jar:/home/mateus/.m2/repository/cglib/cglib-nodep/3.2.5/cglib-nodep-3.2.5.jar:/home/mateus/.m2/repository/org/objenesis/objenesis/1.2/objenesis-1.2.jar:/home/mateus/.m2/repository/org/seleniumhq/selenium/selenium-firefox-driver/3.11.0/selenium-firefox-driver-3.11.0.jar:/home/mateus/.m2/repository/net/bytebuddy/byte-buddy/1.7.9/byte-buddy-1.7.9.jar:/home/mateus/.m2/repository/org/apache/commons/commons-exec/1.3/commons-exec-1.3.jar:/home/mateus/.m2/repository/commons-codec/commons-codec/1.10/commons-codec-1.10.jar:/home/mateus/.m2/repository/commons-logging/commons-logging/1.2/commons-logging-1.2.jar:/home/mateus/.m2/repository/com/google/code/gson/gson/2.8.2/gson-2.8.2.jar:/home/mateus/.m2/repository/org/apache/httpcomponents/httpclient/4.5.3/httpclient-4.5.3.jar:/home/mateus/.m2/repository/org/apache/httpcomponents/httpcore/4.4.6/httpcore-4.4.6.jar:/home/mateus/.m2/repository/com/squareup/okhttp3/okhttp/3.9.1/okhttp-3.9.1.jar:/home/mateus/.m2/repository/com/squareup/okio/okio/1.13.0/okio-1.13.0.jar:/home/mateus/.m2/repository/org/jboss/shrinkwrap/resolver/shrinkwrap-resolver-api/2.2.6/shrinkwrap-resolver-api-2.2.6.jar:/home/mateus/.m2/repository/org/jboss/shrinkwrap/resolver/shrinkwrap-resolver-spi/2.2.6/shrinkwrap-resolver-spi-2.2.6.jar:/home/mateus/.m2/repository/org/jboss/shrinkwrap/resolver/shrinkwrap-resolver-api-maven/2.2.6/shrinkwrap-resolver-api-maven-2.2.6.jar:/home/mateus/.m2/repository/org/jboss/shrinkwrap/resolver/shrinkwrap-resolver-spi-maven/2.2.6/shrinkwrap-resolver-spi-maven-2.2.6.jar:/home/mateus/.m2/repository/org/jboss/shrinkwrap/resolver/shrinkwrap-resolver-api-maven-archive/2.2.6/shrinkwrap-resolver-api-maven-archive-2.2.6.jar:/home/mateus/.m2/repository/org/jboss/shrinkwrap/resolver/shrinkwrap-resolver-impl-maven/2.2.6/shrinkwrap-resolver-impl-maven-2.2.6.jar:/home/mateus/.m2/repository/org/eclipse/aether/aether-api/1.0.0.v20140518/aether-api-1.0.0.v20140518.jar:/home/mateus/.m2/repository/org/eclipse/aether/aether-impl/1.0.0.v20140518/aether-impl-1.0.0.v20140518.jar:/home/mateus/.m2/repository/org/eclipse/aether/aether-spi/1.0.0.v20140518/aether-spi-1.0.0.v20140518.jar:/home/mateus/.m2/repository/org/eclipse/aether/aether-util/1.0.0.v20140518/aether-util-1.0.0.v20140518.jar:/home/mateus/.m2/repository/org/eclipse/aether/aether-connector-basic/1.0.0.v20140518/aether-connector-basic-1.0.0.v20140518.jar:/home/mateus/.m2/repository/org/eclipse/aether/aether-transport-wagon/1.0.0.v20140518/aether-transport-wagon-1.0.0.v20140518.jar:/home/mateus/.m2/repository/org/apache/maven/maven-aether-provider/3.2.5/maven-aether-provider-3.2.5.jar:/home/mateus/.m2/repository/org/apache/maven/maven-model/3.2.5/maven-model-3.2.5.jar:/home/mateus/.m2/repository/org/apache/maven/maven-model-builder/3.2.5/maven-model-builder-3.2.5.jar:/home/mateus/.m2/repository/org/codehaus/plexus/plexus-component-annotations/1.5.5/plexus-component-annotations-1.5.5.jar:/home/mateus/.m2/repository/org/apache/maven/maven-repository-metadata/3.2.5/maven-repository-metadata-3.2.5.jar:/home/mateus/.m2/repository/org/apache/maven/maven-settings/3.2.5/maven-settings-3.2.5.jar:/home/mateus/.m2/repository/org/apache/maven/maven-settings-builder/3.2.5/maven-settings-builder-3.2.5.jar:/home/mateus/.m2/repository/org/codehaus/plexus/plexus-interpolation/1.21/plexus-interpolation-1.21.jar:/home/mateus/.m2/repository/org/codehaus/plexus/plexus-utils/3.0.20/plexus-utils-3.0.20.jar:/home/mateus/.m2/repository/org/sonatype/plexus/plexus-sec-dispatcher/1.3/plexus-sec-dispatcher-1.3.jar:/home/mateus/.m2/repository/org/sonatype/plexus/plexus-cipher/1.4/plexus-cipher-1.4.jar:/home/mateus/.m2/repository/org/apache/maven/wagon/wagon-provider-api/2.6/wagon-provider-api-2.6.jar:/home/mateus/.m2/repository/org/apache/maven/wagon/wagon-file/2.6/wagon-file-2.6.jar:/home/mateus/.m2/repository/commons-lang/commons-lang/2.6/commons-lang-2.6.jar:/home/mateus/.m2/repository/org/apache/maven/wagon/wagon-http-lightweight/2.6/wagon-http-lightweight-2.6.jar:/home/mateus/.m2/repository/org/apache/maven/wagon/wagon-http-shared/2.6/wagon-http-shared-2.6.jar:/home/mateus/.m2/repository/org/jboss/shrinkwrap/resolver/shrinkwrap-resolver-impl-maven-archive/2.2.6/shrinkwrap-resolver-impl-maven-archive-2.2.6.jar:/home/mateus/.m2/repository/org/jboss/shrinkwrap/resolver/shrinkwrap-resolver-spi-maven-archive/2.2.6/shrinkwrap-resolver-spi-maven-archive-2.2.6.jar:/home/mateus/.m2/repository/org/eclipse/sisu/org.eclipse.sisu.plexus/0.3.0.M1/org.eclipse.sisu.plexus-0.3.0.M1.jar:/home/mateus/.m2/repository/javax/enterprise/cdi-api/1.0/cdi-api-1.0.jar:/home/mateus/.m2/repository/javax/annotation/jsr250-api/1.0/jsr250-api-1.0.jar:/home/mateus/.m2/repository/javax/inject/javax.inject/1/javax.inject-1.jar:/home/mateus/.m2/repository/org/eclipse/sisu/org.eclipse.sisu.inject/0.3.0.M1/org.eclipse.sisu.inject-0.3.0.M1.jar:/home/mateus/.m2/repository/org/codehaus/plexus/plexus-compiler-javac/2.3/plexus-compiler-javac-2.3.jar:/home/mateus/.m2/repository/org/codehaus/plexus/plexus-compiler-api/2.3/plexus-compiler-api-2.3.jar:/home/mateus/.m2/repository/xml-apis/xml-apis/1.4.01/xml-apis-1.4.01.jar:"/>
    <property name="java.vm.vendor" value="Oracle Corporation"/>
    <property name="sun.arch.data.model" value="64"/>
    <property name="java.vendor.url" value="http://java.oracle.com/"/>
    <property name="user.timezone" value=""/>
    <property name="java.vm.specification.version" value="1.8"/>
    <property name="os.name" value="Linux"/>
    <property name="user.country" value="FR"/>
    <property name="sun.java.launcher" value="SUN_STANDARD"/>
    <property name="sun.boot.library.path" value="/usr/lib/jvm/java-8-openjdk-amd64/jre/lib/amd64"/>
    <property name="sun.java.command" value="/home/mateus/work/TPJenkinsNote/target/surefire/surefirebooter3182885326627349120.jar /home/mateus/work/TPJenkinsNote/target/surefire 2019-05-06T16-59-15_033-jvmRun1 surefire2670112576267949058tmp surefire_04630638320039460585tmp"/>
    <property name="surefire.test.class.path" value="/home/mateus/work/TPJenkinsNote/target/test-classes:/home/mateus/work/TPJenkinsNote/target/classes:/home/mateus/.m2/repository/javax/javaee-api/7.0/javaee-api-7.0.jar:/home/mateus/.m2/repository/com/sun/mail/javax.mail/1.5.0/javax.mail-1.5.0.jar:/home/mateus/.m2/repository/javax/activation/activation/1.1/activation-1.1.jar:/home/mateus/.m2/repository/org/webjars/bootstrap/3.3.7/bootstrap-3.3.7.jar:/home/mateus/.m2/repository/org/webjars/jquery/1.11.1/jquery-1.11.1.jar:/home/mateus/.m2/repository/junit/junit/4.12/junit-4.12.jar:/home/mateus/.m2/repository/org/hamcrest/hamcrest-core/1.3/hamcrest-core-1.3.jar:/home/mateus/.m2/repository/org/jboss/arquillian/junit/arquillian-junit-container/1.4.0.Final/arquillian-junit-container-1.4.0.Final.jar:/home/mateus/.m2/repository/org/jboss/arquillian/junit/arquillian-junit-core/1.4.0.Final/arquillian-junit-core-1.4.0.Final.jar:/home/mateus/.m2/repository/org/jboss/arquillian/test/arquillian-test-api/1.4.0.Final/arquillian-test-api-1.4.0.Final.jar:/home/mateus/.m2/repository/org/jboss/arquillian/core/arquillian-core-api/1.4.0.Final/arquillian-core-api-1.4.0.Final.jar:/home/mateus/.m2/repository/org/jboss/arquillian/test/arquillian-test-spi/1.4.0.Final/arquillian-test-spi-1.4.0.Final.jar:/home/mateus/.m2/repository/org/jboss/arquillian/core/arquillian-core-spi/1.4.0.Final/arquillian-core-spi-1.4.0.Final.jar:/home/mateus/.m2/repository/org/jboss/arquillian/container/arquillian-container-test-api/1.4.0.Final/arquillian-container-test-api-1.4.0.Final.jar:/home/mateus/.m2/repository/org/jboss/shrinkwrap/shrinkwrap-api/1.2.6/shrinkwrap-api-1.2.6.jar:/home/mateus/.m2/repository/org/jboss/shrinkwrap/descriptors/shrinkwrap-descriptors-api-base/2.0.0/shrinkwrap-descriptors-api-base-2.0.0.jar:/home/mateus/.m2/repository/org/jboss/arquillian/container/arquillian-container-test-spi/1.4.0.Final/arquillian-container-test-spi-1.4.0.Final.jar:/home/mateus/.m2/repository/org/jboss/arquillian/core/arquillian-core-impl-base/1.4.0.Final/arquillian-core-impl-base-1.4.0.Final.jar:/home/mateus/.m2/repository/org/jboss/arquillian/test/arquillian-test-impl-base/1.4.0.Final/arquillian-test-impl-base-1.4.0.Final.jar:/home/mateus/.m2/repository/org/jboss/arquillian/container/arquillian-container-impl-base/1.4.0.Final/arquillian-container-impl-base-1.4.0.Final.jar:/home/mateus/.m2/repository/org/jboss/arquillian/config/arquillian-config-api/1.4.0.Final/arquillian-config-api-1.4.0.Final.jar:/home/mateus/.m2/repository/org/jboss/arquillian/config/arquillian-config-impl-base/1.4.0.Final/arquillian-config-impl-base-1.4.0.Final.jar:/home/mateus/.m2/repository/org/jboss/arquillian/config/arquillian-config-spi/1.4.0.Final/arquillian-config-spi-1.4.0.Final.jar:/home/mateus/.m2/repository/org/jboss/arquillian/container/arquillian-container-test-impl-base/1.4.0.Final/arquillian-container-test-impl-base-1.4.0.Final.jar:/home/mateus/.m2/repository/org/jboss/shrinkwrap/shrinkwrap-impl-base/1.2.6/shrinkwrap-impl-base-1.2.6.jar:/home/mateus/.m2/repository/org/jboss/shrinkwrap/shrinkwrap-spi/1.2.6/shrinkwrap-spi-1.2.6.jar:/home/mateus/.m2/repository/org/jboss/arquillian/protocol/arquillian-protocol-servlet/1.4.0.Final/arquillian-protocol-servlet-1.4.0.Final.jar:/home/mateus/.m2/repository/org/jboss/arquillian/container/arquillian-container-spi/1.4.0.Final/arquillian-container-spi-1.4.0.Final.jar:/home/mateus/.m2/repository/org/jboss/shrinkwrap/descriptors/shrinkwrap-descriptors-spi/2.0.0/shrinkwrap-descriptors-spi-2.0.0.jar:/home/mateus/.m2/repository/org/jboss/arquillian/extension/arquillian-drone-api/2.5.1/arquillian-drone-api-2.5.1.jar:/home/mateus/.m2/repository/org/jboss/arquillian/extension/arquillian-drone-spi/2.5.1/arquillian-drone-spi-2.5.1.jar:/home/mateus/.m2/repository/org/jboss/arquillian/extension/arquillian-drone-configuration/2.5.1/arquillian-drone-configuration-2.5.1.jar:/home/mateus/.m2/repository/org/jboss/arquillian/extension/arquillian-drone-impl/2.5.1/arquillian-drone-impl-2.5.1.jar:/home/mateus/.m2/repository/org/jboss/arquillian/extension/arquillian-drone-webdriver/2.5.1/arquillian-drone-webdriver-2.5.1.jar:/home/mateus/.m2/repository/org/arquillian/spacelift/arquillian-spacelift/1.0.2/arquillian-spacelift-1.0.2.jar:/home/mateus/.m2/repository/org/arquillian/spacelift/arquillian-spacelift-api/1.0.2/arquillian-spacelift-api-1.0.2.jar:/home/mateus/.m2/repository/org/apache/commons/commons-compress/1.8.1/commons-compress-1.8.1.jar:/home/mateus/.m2/repository/commons-io/commons-io/2.5/commons-io-2.5.jar:/home/mateus/.m2/repository/org/jsoup/jsoup/1.8.3/jsoup-1.8.3.jar:/home/mateus/.m2/repository/org/awaitility/awaitility/3.0.0/awaitility-3.0.0.jar:/home/mateus/.m2/repository/org/hamcrest/hamcrest-library/1.3/hamcrest-library-1.3.jar:/home/mateus/.m2/repository/org/seleniumhq/selenium/selenium-api/3.11.0/selenium-api-3.11.0.jar:/home/mateus/.m2/repository/org/seleniumhq/selenium/selenium-java/3.11.0/selenium-java-3.11.0.jar:/home/mateus/.m2/repository/com/google/guava/guava/23.6-jre/guava-23.6-jre.jar:/home/mateus/.m2/repository/com/google/code/findbugs/jsr305/1.3.9/jsr305-1.3.9.jar:/home/mateus/.m2/repository/org/checkerframework/checker-compat-qual/2.0.0/checker-compat-qual-2.0.0.jar:/home/mateus/.m2/repository/com/google/errorprone/error_prone_annotations/2.1.3/error_prone_annotations-2.1.3.jar:/home/mateus/.m2/repository/com/google/j2objc/j2objc-annotations/1.1/j2objc-annotations-1.1.jar:/home/mateus/.m2/repository/org/codehaus/mojo/animal-sniffer-annotations/1.14/animal-sniffer-annotations-1.14.jar:/home/mateus/.m2/repository/org/seleniumhq/selenium/selenium-support/3.11.0/selenium-support-3.11.0.jar:/home/mateus/.m2/repository/org/seleniumhq/selenium/selenium-chrome-driver/3.11.0/selenium-chrome-driver-3.11.0.jar:/home/mateus/.m2/repository/org/seleniumhq/selenium/selenium-ie-driver/3.11.0/selenium-ie-driver-3.11.0.jar:/home/mateus/.m2/repository/org/seleniumhq/selenium/selenium-remote-driver/3.11.0/selenium-remote-driver-3.11.0.jar:/home/mateus/.m2/repository/org/seleniumhq/selenium/htmlunit-driver/2.28/htmlunit-driver-2.28.jar:/home/mateus/.m2/repository/net/sourceforge/htmlunit/htmlunit/2.28/htmlunit-2.28.jar:/home/mateus/.m2/repository/xalan/xalan/2.7.2/xalan-2.7.2.jar:/home/mateus/.m2/repository/xalan/serializer/2.7.2/serializer-2.7.2.jar:/home/mateus/.m2/repository/org/apache/commons/commons-lang3/3.7/commons-lang3-3.7.jar:/home/mateus/.m2/repository/org/apache/commons/commons-text/1.1/commons-text-1.1.jar:/home/mateus/.m2/repository/org/apache/httpcomponents/httpmime/4.5.3/httpmime-4.5.3.jar:/home/mateus/.m2/repository/net/sourceforge/htmlunit/htmlunit-core-js/2.28/htmlunit-core-js-2.28.jar:/home/mateus/.m2/repository/net/sourceforge/htmlunit/neko-htmlunit/2.28/neko-htmlunit-2.28.jar:/home/mateus/.m2/repository/xerces/xercesImpl/2.11.0/xercesImpl-2.11.0.jar:/home/mateus/.m2/repository/net/sourceforge/cssparser/cssparser/0.9.24/cssparser-0.9.24.jar:/home/mateus/.m2/repository/org/w3c/css/sac/1.3/sac-1.3.jar:/home/mateus/.m2/repository/commons-net/commons-net/3.6/commons-net-3.6.jar:/home/mateus/.m2/repository/org/eclipse/jetty/websocket/websocket-client/9.4.7.v20170914/websocket-client-9.4.7.v20170914.jar:/home/mateus/.m2/repository/org/eclipse/jetty/jetty-client/9.4.7.v20170914/jetty-client-9.4.7.v20170914.jar:/home/mateus/.m2/repository/org/eclipse/jetty/jetty-http/9.4.7.v20170914/jetty-http-9.4.7.v20170914.jar:/home/mateus/.m2/repository/org/eclipse/jetty/jetty-xml/9.4.7.v20170914/jetty-xml-9.4.7.v20170914.jar:/home/mateus/.m2/repository/org/eclipse/jetty/jetty-util/9.4.7.v20170914/jetty-util-9.4.7.v20170914.jar:/home/mateus/.m2/repository/org/eclipse/jetty/jetty-io/9.4.7.v20170914/jetty-io-9.4.7.v20170914.jar:/home/mateus/.m2/repository/org/eclipse/jetty/websocket/websocket-common/9.4.7.v20170914/websocket-common-9.4.7.v20170914.jar:/home/mateus/.m2/repository/org/eclipse/jetty/websocket/websocket-api/9.4.7.v20170914/websocket-api-9.4.7.v20170914.jar:/home/mateus/.m2/repository/org/seleniumhq/selenium/selenium-opera-driver/3.11.0/selenium-opera-driver-3.11.0.jar:/home/mateus/.m2/repository/org/seleniumhq/selenium/selenium-safari-driver/3.11.0/selenium-safari-driver-3.11.0.jar:/home/mateus/.m2/repository/org/seleniumhq/selenium/selenium-edge-driver/3.11.0/selenium-edge-driver-3.11.0.jar:/home/mateus/.m2/repository/com/codeborne/phantomjsdriver/1.4.1/phantomjsdriver-1.4.1.jar:/home/mateus/.m2/repository/org/jboss/arquillian/graphene/graphene-webdriver-api/2.3.2/graphene-webdriver-api-2.3.2.jar:/home/mateus/.m2/repository/org/jboss/arquillian/graphene/graphene-webdriver-spi/2.3.2/graphene-webdriver-spi-2.3.2.jar:/home/mateus/.m2/repository/org/jboss/arquillian/graphene/graphene-webdriver-impl/2.3.2/graphene-webdriver-impl-2.3.2.jar:/home/mateus/.m2/repository/cglib/cglib-nodep/3.2.5/cglib-nodep-3.2.5.jar:/home/mateus/.m2/repository/org/objenesis/objenesis/1.2/objenesis-1.2.jar:/home/mateus/.m2/repository/org/seleniumhq/selenium/selenium-firefox-driver/3.11.0/selenium-firefox-driver-3.11.0.jar:/home/mateus/.m2/repository/net/bytebuddy/byte-buddy/1.7.9/byte-buddy-1.7.9.jar:/home/mateus/.m2/repository/org/apache/commons/commons-exec/1.3/commons-exec-1.3.jar:/home/mateus/.m2/repository/commons-codec/commons-codec/1.10/commons-codec-1.10.jar:/home/mateus/.m2/repository/commons-logging/commons-logging/1.2/commons-logging-1.2.jar:/home/mateus/.m2/repository/com/google/code/gson/gson/2.8.2/gson-2.8.2.jar:/home/mateus/.m2/repository/org/apache/httpcomponents/httpclient/4.5.3/httpclient-4.5.3.jar:/home/mateus/.m2/repository/org/apache/httpcomponents/httpcore/4.4.6/httpcore-4.4.6.jar:/home/mateus/.m2/repository/com/squareup/okhttp3/okhttp/3.9.1/okhttp-3.9.1.jar:/home/mateus/.m2/repository/com/squareup/okio/okio/1.13.0/okio-1.13.0.jar:/home/mateus/.m2/repository/org/jboss/shrinkwrap/resolver/shrinkwrap-resolver-api/2.2.6/shrinkwrap-resolver-api-2.2.6.jar:/home/mateus/.m2/repository/org/jboss/shrinkwrap/resolver/shrinkwrap-resolver-spi/2.2.6/shrinkwrap-resolver-spi-2.2.6.jar:/home/mateus/.m2/repository/org/jboss/shrinkwrap/resolver/shrinkwrap-resolver-api-maven/2.2.6/shrinkwrap-resolver-api-maven-2.2.6.jar:/home/mateus/.m2/repository/org/jboss/shrinkwrap/resolver/shrinkwrap-resolver-spi-maven/2.2.6/shrinkwrap-resolver-spi-maven-2.2.6.jar:/home/mateus/.m2/repository/org/jboss/shrinkwrap/resolver/shrinkwrap-resolver-api-maven-archive/2.2.6/shrinkwrap-resolver-api-maven-archive-2.2.6.jar:/home/mateus/.m2/repository/org/jboss/shrinkwrap/resolver/shrinkwrap-resolver-impl-maven/2.2.6/shrinkwrap-resolver-impl-maven-2.2.6.jar:/home/mateus/.m2/repository/org/eclipse/aether/aether-api/1.0.0.v20140518/aether-api-1.0.0.v20140518.jar:/home/mateus/.m2/repository/org/eclipse/aether/aether-impl/1.0.0.v20140518/aether-impl-1.0.0.v20140518.jar:/home/mateus/.m2/repository/org/eclipse/aether/aether-spi/1.0.0.v20140518/aether-spi-1.0.0.v20140518.jar:/home/mateus/.m2/repository/org/eclipse/aether/aether-util/1.0.0.v20140518/aether-util-1.0.0.v20140518.jar:/home/mateus/.m2/repository/org/eclipse/aether/aether-connector-basic/1.0.0.v20140518/aether-connector-basic-1.0.0.v20140518.jar:/home/mateus/.m2/repository/org/eclipse/aether/aether-transport-wagon/1.0.0.v20140518/aether-transport-wagon-1.0.0.v20140518.jar:/home/mateus/.m2/repository/org/apache/maven/maven-aether-provider/3.2.5/maven-aether-provider-3.2.5.jar:/home/mateus/.m2/repository/org/apache/maven/maven-model/3.2.5/maven-model-3.2.5.jar:/home/mateus/.m2/repository/org/apache/maven/maven-model-builder/3.2.5/maven-model-builder-3.2.5.jar:/home/mateus/.m2/repository/org/codehaus/plexus/plexus-component-annotations/1.5.5/plexus-component-annotations-1.5.5.jar:/home/mateus/.m2/repository/org/apache/maven/maven-repository-metadata/3.2.5/maven-repository-metadata-3.2.5.jar:/home/mateus/.m2/repository/org/apache/maven/maven-settings/3.2.5/maven-settings-3.2.5.jar:/home/mateus/.m2/repository/org/apache/maven/maven-settings-builder/3.2.5/maven-settings-builder-3.2.5.jar:/home/mateus/.m2/repository/org/codehaus/plexus/plexus-interpolation/1.21/plexus-interpolation-1.21.jar:/home/mateus/.m2/repository/org/codehaus/plexus/plexus-utils/3.0.20/plexus-utils-3.0.20.jar:/home/mateus/.m2/repository/org/sonatype/plexus/plexus-sec-dispatcher/1.3/plexus-sec-dispatcher-1.3.jar:/home/mateus/.m2/repository/org/sonatype/plexus/plexus-cipher/1.4/plexus-cipher-1.4.jar:/home/mateus/.m2/repository/org/apache/maven/wagon/wagon-provider-api/2.6/wagon-provider-api-2.6.jar:/home/mateus/.m2/repository/org/apache/maven/wagon/wagon-file/2.6/wagon-file-2.6.jar:/home/mateus/.m2/repository/commons-lang/commons-lang/2.6/commons-lang-2.6.jar:/home/mateus/.m2/repository/org/apache/maven/wagon/wagon-http-lightweight/2.6/wagon-http-lightweight-2.6.jar:/home/mateus/.m2/repository/org/apache/maven/wagon/wagon-http-shared/2.6/wagon-http-shared-2.6.jar:/home/mateus/.m2/repository/org/jboss/shrinkwrap/resolver/shrinkwrap-resolver-impl-maven-archive/2.2.6/shrinkwrap-resolver-impl-maven-archive-2.2.6.jar:/home/mateus/.m2/repository/org/jboss/shrinkwrap/resolver/shrinkwrap-resolver-spi-maven-archive/2.2.6/shrinkwrap-resolver-spi-maven-archive-2.2.6.jar:/home/mateus/.m2/repository/org/eclipse/sisu/org.eclipse.sisu.plexus/0.3.0.M1/org.eclipse.sisu.plexus-0.3.0.M1.jar:/home/mateus/.m2/repository/javax/enterprise/cdi-api/1.0/cdi-api-1.0.jar:/home/mateus/.m2/repository/javax/annotation/jsr250-api/1.0/jsr250-api-1.0.jar:/home/mateus/.m2/repository/javax/inject/javax.inject/1/javax.inject-1.jar:/home/mateus/.m2/repository/org/eclipse/sisu/org.eclipse.sisu.inject/0.3.0.M1/org.eclipse.sisu.inject-0.3.0.M1.jar:/home/mateus/.m2/repository/org/codehaus/plexus/plexus-compiler-javac/2.3/plexus-compiler-javac-2.3.jar:/home/mateus/.m2/repository/org/codehaus/plexus/plexus-compiler-api/2.3/plexus-compiler-api-2.3.jar:/home/mateus/.m2/repository/xml-apis/xml-apis/1.4.01/xml-apis-1.4.01.jar:"/>
    <property name="sun.cpu.endian" value="little"/>
    <property name="user.home" value="/home/mateus"/>
    <property name="user.language" value="fr"/>
    <property name="java.specification.vendor" value="Oracle Corporation"/>
    <property name="java.home" value="/usr/lib/jvm/java-8-openjdk-amd64/jre"/>
    <property name="basedir" value="/home/mateus/work/TPJenkinsNote"/>
    <property name="file.separator" value="/"/>
    <property name="line.separator" value="&#10;"/>
    <property name="java.vm.specification.vendor" value="Oracle Corporation"/>
    <property name="java.specification.name" value="Java Platform API Specification"/>
    <property name="java.awt.graphicsenv" value="sun.awt.X11GraphicsEnvironment"/>
    <property name="surefire.real.class.path" value="/home/mateus/work/TPJenkinsNote/target/surefire/surefirebooter3182885326627349120.jar"/>
    <property name="sun.boot.class.path" value="/usr/lib/jvm/java-8-openjdk-amd64/jre/lib/resources.jar:/usr/lib/jvm/java-8-openjdk-amd64/jre/lib/rt.jar:/usr/lib/jvm/java-8-openjdk-amd64/jre/lib/sunrsasign.jar:/usr/lib/jvm/java-8-openjdk-amd64/jre/lib/jsse.jar:/usr/lib/jvm/java-8-openjdk-amd64/jre/lib/jce.jar:/usr/lib/jvm/java-8-openjdk-amd64/jre/lib/charsets.jar:/usr/lib/jvm/java-8-openjdk-amd64/jre/lib/jfr.jar:/usr/lib/jvm/java-8-openjdk-amd64/jre/classes"/>
    <property name="sun.management.compiler" value="HotSpot 64-Bit Tiered Compilers"/>
    <property name="java.runtime.version" value="1.8.0_191-8u191-b12-2ubuntu0.18.04.1-b12"/>
    <property name="user.name" value="mateus"/>
    <property name="path.separator" value=":"/>
    <property name="os.version" value="4.18.0-18-generic"/>
    <property name="java.endorsed.dirs" value="/usr/lib/jvm/java-8-openjdk-amd64/jre/lib/endorsed"/>
    <property name="java.runtime.name" value="OpenJDK Runtime Environment"/>
    <property name="file.encoding" value="UTF-8"/>
    <property name="java.vm.name" value="OpenJDK 64-Bit Server VM"/>
    <property name="localRepository" value="/home/mateus/.m2/repository"/>
    <property name="java.vendor.url.bug" value="http://bugreport.sun.com/bugreport/"/>
    <property name="java.io.tmpdir" value="/tmp"/>
    <property name="java.version" value="1.8.0_191"/>
    <property name="user.dir" value="/home/mateus/work/TPJenkinsNote"/>
    <property name="os.arch" value="amd64"/>
    <property name="java.vm.specification.name" value="Java Virtual Machine Specification"/>
    <property name="java.awt.printerjob" value="sun.print.PSPrinterJob"/>
    <property name="sun.os.patch.level" value="unknown"/>
    <property name="java.library.path" value="/usr/java/packages/lib/amd64:/usr/lib/x86_64-linux-gnu/jni:/lib/x86_64-linux-gnu:/usr/lib/x86_64-linux-gnu:/usr/lib/jni:/lib:/usr/lib"/>
    <property name="java.vm.info" value="mixed mode"/>
    <property name="java.vendor" value="Oracle Corporation"/>
    <property name="java.vm.version" value="25.191-b12"/>
    <property name="java.ext.dirs" value="/usr/lib/jvm/java-8-openjdk-amd64/jre/lib/ext:/usr/java/packages/lib/ext"/>
    <property name="sun.io.unicode.encoding" value="UnicodeLittle"/>
    <property name="java.class.version" value="52.0"/>
  </properties>
  <testcase name="shouldAnswerWithTrue" classname="test.HelloWorldTest" time="0.002"/>
</testsuite>